\BOOKMARK [0][-]{chapter.1}{Introduction}{}% 1
\BOOKMARK [1][-]{section.1.1}{Locality in distributed applications}{chapter.1}% 2
\BOOKMARK [1][-]{section.1.2}{Solving the locality/load balancing equation}{chapter.1}% 3
\BOOKMARK [1][-]{section.1.3}{Problem statement}{chapter.1}% 4
\BOOKMARK [1][-]{section.1.4}{Contributions}{chapter.1}% 5
\BOOKMARK [0][-]{chapter.2}{Migratable Applications}{}% 6
\BOOKMARK [1][-]{section.2.1}{Migration-friendly applications}{chapter.2}% 7
\BOOKMARK [2][-]{subsection.2.1.1}{Migratable partitions}{section.2.1}% 8
\BOOKMARK [2][-]{subsection.2.1.2}{Migratability as a transport}{section.2.1}% 9
\BOOKMARK [2][-]{subsection.2.1.3}{Core properties of a migration framework}{section.2.1}% 10
\BOOKMARK [1][-]{section.2.2}{Computation model and API}{chapter.2}% 11
\BOOKMARK [2][-]{subsection.2.2.1}{Listen and serve model}{section.2.2}% 12
\BOOKMARK [2][-]{subsection.2.2.2}{State machine model}{section.2.2}% 13
\BOOKMARK [2][-]{subsection.2.2.3}{Sending and receiving migratable objects}{section.2.2}% 14
\BOOKMARK [2][-]{subsection.2.2.4}{Migrating runnable objects}{section.2.2}% 15
\BOOKMARK [0][-]{chapter.3}{Design and Implementation of Slope}{}% 16
\BOOKMARK [1][-]{section.3.1}{Programming model}{chapter.3}% 17
\BOOKMARK [2][-]{subsection.3.1.1}{A section on how useful the programming model is}{section.3.1}% 18
\BOOKMARK [2][-]{subsection.3.1.2}{Multi-threading support}{section.3.1}% 19
\BOOKMARK [2][-]{subsection.3.1.3}{Local memory layout}{section.3.1}% 20
\BOOKMARK [2][-]{subsection.3.1.4}{fundamental requirement of fixed addresses}{section.3.1}% 21
\BOOKMARK [1][-]{section.3.2}{RDMA background}{chapter.3}% 22
\BOOKMARK [1][-]{section.3.3}{Architecture of Slope}{chapter.3}% 23
\BOOKMARK [2][-]{subsection.3.3.1}{Control plane}{section.3.3}% 24
\BOOKMARK [2][-]{subsection.3.3.2}{Data plane}{section.3.3}% 25
\BOOKMARK [2][-]{subsection.3.3.3}{Distributed memory management}{section.3.3}% 26
\BOOKMARK [2][-]{subsection.3.3.4}{Migration protocol}{section.3.3}% 27
\BOOKMARK [1][-]{section.3.4}{Optimizations and Corner cases}{chapter.3}% 28
\BOOKMARK [0][-]{chapter.4}{Evaluation}{}% 29
\BOOKMARK [1][-]{section.4.1}{A section on evaluation of core metrics}{chapter.4}% 30
\BOOKMARK [1][-]{section.4.2}{A section on evaluation of whole data structures}{chapter.4}% 31
\BOOKMARK [0][-]{chapter.5}{Related Work}{}% 32
\BOOKMARK [1][-]{section.5.1}{RAMP}{chapter.5}% 33
\BOOKMARK [2][-]{subsection.5.1.1}{Programmability}{section.5.1}% 34
\BOOKMARK [2][-]{subsection.5.1.2}{Usability}{section.5.1}% 35
\BOOKMARK [2][-]{subsection.5.1.3}{Migration performance}{section.5.1}% 36
\BOOKMARK [2][-]{subsection.5.1.4}{Memory allocation performance}{section.5.1}% 37
\BOOKMARK [1][-]{section.5.2}{Shared memory and RDMA based systems}{chapter.5}% 38
\BOOKMARK [1][-]{section.5.3}{Database migration and replication}{chapter.5}% 39
\BOOKMARK [0][-]{chapter.6}{Discussion}{}% 40
\BOOKMARK [1][-]{section.6.1}{Review and possible future directions}{chapter.6}% 41
\BOOKMARK [1][-]{section.6.2}{Conclusion}{chapter.6}% 42
\BOOKMARK [0][-]{section.6.2}{Bibliography}{}% 43
